# JRE version: OpenJDK Runtime Environment (8.0_152-b01) (build 1.8.0_152-release-915-b01)
# Java VM: OpenJDK 64-Bit Server VM (25.152-b01 mixed mode windows-amd64 compressed oops)
Heap:
 PSYoungGen      total 180224K, used 115631K [0x00000000e0000000, 0x00000000edf80000, 0x0000000100000000)
  eden space 167424K, 69% used [0x00000000e0000000,0x00000000e70ebe98,0x00000000ea380000)
  from space 12800K, 0% used [0x00000000eaf80000,0x00000000eaf80000,0x00000000ebc00000)
  to   space 12288K, 0% used [0x00000000ea380000,0x00000000ea380000,0x00000000eaf80000)
 ParOldGen       total 140288K, used 14990K [0x00000000a0000000, 0x00000000a8900000, 0x00000000e0000000)
  object space 140288K, 10% used [0x00000000a0000000,0x00000000a0ea3b70,0x00000000a8900000)
 Metaspace       used 41433K, capacity 42312K, committed 42712K, reserved 1085440K
  class space    used 5543K, capacity 5857K, committed 5888K, reserved 1048576K
GC Heap History (10 events):
Event: 4.106 GC heap before
{Heap before GC invocations=4 (full 1):
 PSYoungGen      total 75776K, used 6634K [0x00000000e0000000, 0x00000000e9400000, 0x0000000100000000)
  eden space 65024K, 0% used [0x00000000e0000000,0x00000000e0000000,0x00000000e3f80000)
  from space 10752K, 61% used [0x00000000e3f80000,0x00000000e45faaf0,0x00000000e4a00000)
  to   space 10752K, 0% used [0x00000000e8980000,0x00000000e8980000,0x00000000e9400000)
 ParOldGen       total 173568K, used 1164K [0x00000000a0000000, 0x00000000aa980000, 0x00000000e0000000)
  object space 173568K, 0% used [0x00000000a0000000,0x00000000a01231d8,0x00000000aa980000)
 Metaspace       used 20653K, capacity 21130K, committed 21248K, reserved 1067008K
  class space    used 2858K, capacity 3038K, committed 3072K, reserved 1048576K
Event: 4.145 GC heap after
Heap after GC invocations=4 (full 1):
 PSYoungGen      total 75776K, used 0K [0x00000000e0000000, 0x00000000e9400000, 0x0000000100000000)
  eden space 65024K, 0% used [0x00000000e0000000,0x00000000e0000000,0x00000000e3f80000)
  from space 10752K, 0% used [0x00000000e3f80000,0x00000000e3f80000,0x00000000e4a00000)
  to   space 10752K, 0% used [0x00000000e8980000,0x00000000e8980000,0x00000000e9400000)
 ParOldGen       total 95232K, used 6500K [0x00000000a0000000, 0x00000000a5d00000, 0x00000000e0000000)
  object space 95232K, 6% used [0x00000000a0000000,0x00000000a06590c0,0x00000000a5d00000)
 Metaspace       used 20653K, capacity 21130K, committed 21248K, reserved 1067008K
  class space    used 2858K, capacity 3038K, committed 3072K, reserved 1048576K
}
Event: 5.278 GC heap before
{Heap before GC invocations=5 (full 1):
 PSYoungGen      total 75776K, used 65024K [0x00000000e0000000, 0x00000000e9400000, 0x0000000100000000)
  eden space 65024K, 100% used [0x00000000e0000000,0x00000000e3f80000,0x00000000e3f80000)
  from space 10752K, 0% used [0x00000000e3f80000,0x00000000e3f80000,0x00000000e4a00000)
  to   space 10752K, 0% used [0x00000000e8980000,0x00000000e8980000,0x00000000e9400000)
 ParOldGen       total 95232K, used 6500K [0x00000000a0000000, 0x00000000a5d00000, 0x00000000e0000000)
  object space 95232K, 6% used [0x00000000a0000000,0x00000000a06590c0,0x00000000a5d00000)
 Metaspace       used 25703K, capacity 26274K, committed 26496K, reserved 1073152K
  class space    used 3502K, capacity 3698K, committed 3712K, reserved 1048576K
Event: 5.286 GC heap after
Heap after GC invocations=5 (full 1):
 PSYoungGen      total 113664K, used 7278K [0x00000000e0000000, 0x00000000e9100000, 0x0000000100000000)
  eden space 105984K, 0% used [0x00000000e0000000,0x00000000e0000000,0x00000000e6780000)
  from space 7680K, 94% used [0x00000000e8980000,0x00000000e909bb78,0x00000000e9100000)
  to   space 10752K, 0% used [0x00000000e7c00000,0x00000000e7c00000,0x00000000e8680000)
 ParOldGen       total 95232K, used 6508K [0x00000000a0000000, 0x00000000a5d00000, 0x00000000e0000000)
  object space 95232K, 6% used [0x00000000a0000000,0x00000000a065b0c0,0x00000000a5d00000)
 Metaspace       used 25703K, capacity 26274K, committed 26496K, reserved 1073152K
  class space    used 3502K, capacity 3698K, committed 3712K, reserved 1048576K
}
Event: 9.066 GC heap before
{Heap before GC invocations=6 (full 1):
 PSYoungGen      total 113664K, used 113262K [0x00000000e0000000, 0x00000000e9100000, 0x0000000100000000)
  eden space 105984K, 100% used [0x00000000e0000000,0x00000000e6780000,0x00000000e6780000)
  from space 7680K, 94% used [0x00000000e8980000,0x00000000e909bb78,0x00000000e9100000)
  to   space 10752K, 0% used [0x00000000e7c00000,0x00000000e7c00000,0x00000000e8680000)
 ParOldGen       total 95232K, used 6508K [0x00000000a0000000, 0x00000000a5d00000, 0x00000000e0000000)
  object space 95232K, 6% used [0x00000000a0000000,0x00000000a065b0c0,0x00000000a5d00000)
 Metaspace       used 31149K, capacity 31754K, committed 31872K, reserved 1077248K
  class space    used 4244K, capacity 4456K, committed 4480K, reserved 1048576K
Event: 9.077 GC heap after
Heap after GC invocations=6 (full 1):
 PSYoungGen      total 137728K, used 9868K [0x00000000e0000000, 0x00000000ebc00000, 0x0000000100000000)
  eden space 126976K, 0% used [0x00000000e0000000,0x00000000e0000000,0x00000000e7c00000)
  from space 10752K, 91% used [0x00000000e7c00000,0x00000000e85a3228,0x00000000e8680000)
  to   space 12800K, 0% used [0x00000000eaf80000,0x00000000eaf80000,0x00000000ebc00000)
 ParOldGen       total 95232K, used 6588K [0x00000000a0000000, 0x00000000a5d00000, 0x00000000e0000000)
  object space 95232K, 6% used [0x00000000a0000000,0x00000000a066f0d0,0x00000000a5d00000)
 Metaspace       used 31149K, capacity 31754K, committed 31872K, reserved 1077248K
  class space    used 4244K, capacity 4456K, committed 4480K, reserved 1048576K
}
Event: 9.552 GC heap before
{Heap before GC invocations=7 (full 1):
 PSYoungGen      total 137728K, used 28750K [0x00000000e0000000, 0x00000000ebc00000, 0x0000000100000000)
  eden space 126976K, 14% used [0x00000000e0000000,0x00000000e1270628,0x00000000e7c00000)
  from space 10752K, 91% used [0x00000000e7c00000,0x00000000e85a3228,0x00000000e8680000)
  to   space 12800K, 0% used [0x00000000eaf80000,0x00000000eaf80000,0x00000000ebc00000)
 ParOldGen       total 95232K, used 6588K [0x00000000a0000000, 0x00000000a5d00000, 0x00000000e0000000)
  object space 95232K, 6% used [0x00000000a0000000,0x00000000a066f0d0,0x00000000a5d00000)
 Metaspace       used 34562K, capacity 35226K, committed 35416K, reserved 1079296K
  class space    used 4693K, capacity 4963K, committed 4992K, reserved 1048576K
Event: 9.562 GC heap after
Heap after GC invocations=7 (full 1):
 PSYoungGen      total 180224K, used 9025K [0x00000000e0000000, 0x00000000edf80000, 0x0000000100000000)
  eden space 167424K, 0% used [0x00000000e0000000,0x00000000e0000000,0x00000000ea380000)
  from space 12800K, 70% used [0x00000000eaf80000,0x00000000eb850688,0x00000000ebc00000)
  to   space 12288K, 0% used [0x00000000ea380000,0x00000000ea380000,0x00000000eaf80000)
 ParOldGen       total 95232K, used 6596K [0x00000000a0000000, 0x00000000a5d00000, 0x00000000e0000000)
  object space 95232K, 6% used [0x00000000a0000000,0x00000000a06710d0,0x00000000a5d00000)
 Metaspace       used 34562K, capacity 35226K, committed 35416K, reserved 1079296K
  class space    used 4693K, capacity 4963K, committed 4992K, reserved 1048576K
}
Event: 9.562 GC heap before
{Heap before GC invocations=8 (full 2):
 PSYoungGen      total 180224K, used 9025K [0x00000000e0000000, 0x00000000edf80000, 0x0000000100000000)
  eden space 167424K, 0% used [0x00000000e0000000,0x00000000e0000000,0x00000000ea380000)
  from space 12800K, 70% used [0x00000000eaf80000,0x00000000eb850688,0x00000000ebc00000)
  to   space 12288K, 0% used [0x00000000ea380000,0x00000000ea380000,0x00000000eaf80000)
 ParOldGen       total 95232K, used 6596K [0x00000000a0000000, 0x00000000a5d00000, 0x00000000e0000000)
  object space 95232K, 6% used [0x00000000a0000000,0x00000000a06710d0,0x00000000a5d00000)
 Metaspace       used 34562K, capacity 35226K, committed 35416K, reserved 1079296K
  class space    used 4693K, capacity 4963K, committed 4992K, reserved 1048576K
Event: 9.625 GC heap after
Heap after GC invocations=8 (full 2):
 PSYoungGen      total 180224K, used 0K [0x00000000e0000000, 0x00000000edf80000, 0x0000000100000000)
  eden space 167424K, 0% used [0x00000000e0000000,0x00000000e0000000,0x00000000ea380000)
  from space 12800K, 0% used [0x00000000eaf80000,0x00000000eaf80000,0x00000000ebc00000)
  to   space 12288K, 0% used [0x00000000ea380000,0x00000000ea380000,0x00000000eaf80000)
 ParOldGen       total 140288K, used 14990K [0x00000000a0000000, 0x00000000a8900000, 0x00000000e0000000)
  object space 140288K, 10% used [0x00000000a0000000,0x00000000a0ea3b70,0x00000000a8900000)
 Metaspace       used 34562K, capacity 35226K, committed 35416K, reserved 1079296K
  class space    used 4693K, capacity 4963K, committed 4992K, reserved 1048576K
}

